Base path: /Applications/Unity 5.2/Unity.app/Contents
Pipe name: \\.\pipe\UnityShaderCompiler-64bit-1-1912132352
Cmd: getPlatforms
Cmd: compileSnippet
  api=0 type=0 insize=982 outsize=10697 kw=DIRECTIONAL SHADOWS_SCREEN LIGHTMAP_OFF DIRLIGHTMAP_OFF DYNAMICLIGHTMAP_OFF _ALPHABLEND_ON pd= ok=1
Cmd: compileSnippet
  api=0 type=0 insize=982 outsize=11488 kw=DIRECTIONAL SHADOWS_OFF LIGHTMAP_OFF DIRLIGHTMAP_OFF DYNAMICLIGHTMAP_OFF VERTEXLIGHT_ON _ALPHABLEND_ON pd= ok=1
Cmd: compileSnippet
  api=0 type=0 insize=938 outsize=6131 kw=POINT SHADOWS_OFF pd= ok=1
Cmd: compileSnippet
  api=0 type=0 insize=938 outsize=6245 kw=DIRECTIONAL SHADOWS_SCREEN pd= ok=1
Cmd: compileSnippet
  api=0 type=0 insize=938 outsize=7030 kw=POINT_COOKIE SHADOWS_CUBE pd= ok=1
Cmd: compileSnippet
  api=0 type=0 insize=938 outsize=6197 kw=POINT SHADOWS_OFF _ALPHABLEND_ON pd= ok=1
Cmd: compileSnippet
  api=0 type=0 insize=938 outsize=6747 kw=SPOT SHADOWS_DEPTH SHADOWS_NATIVE _ALPHABLEND_ON pd= ok=1
Cmd: compileSnippet
  api=0 type=0 insize=938 outsize=7231 kw=SPOT SHADOWS_DEPTH SHADOWS_SOFT SHADOWS_NATIVE _ALPHABLEND_ON pd= ok=1
Cmd: compileSnippet
  api=0 type=1 insize=938 outsize=6 kw=POINT SHADOWS_OFF pd= ok=1
Cmd: compileSnippet
  api=0 type=1 insize=938 outsize=6 kw=SPOT SHADOWS_DEPTH SHADOWS_NATIVE pd= ok=1
Cmd: compileSnippet
  api=0 type=1 insize=938 outsize=6 kw=POINT_COOKIE SHADOWS_CUBE pd= ok=1
Cmd: compileSnippet
  api=0 type=1 insize=938 outsize=6 kw=POINT SHADOWS_OFF _ALPHABLEND_ON pd= ok=1
Cmd: compileSnippet
  api=0 type=1 insize=938 outsize=6 kw=SPOT SHADOWS_DEPTH SHADOWS_NATIVE _ALPHABLEND_ON pd= ok=1
Cmd: compileSnippet
  api=0 type=1 insize=938 outsize=6 kw=POINT_COOKIE SHADOWS_CUBE _ALPHABLEND_ON pd= ok=1
Cmd: compileSnippet
  api=0 type=0 insize=1152 outsize=4215 kw=LIGHTMAP_OFF DIRLIGHTMAP_OFF DYNAMICLIGHTMAP_OFF pd= ok=1
Cmd: compileSnippet
  api=0 type=0 insize=1152 outsize=5246 kw=LIGHTMAP_OFF DIRLIGHTMAP_SEPARATE DYNAMICLIGHTMAP_OFF _ALPHABLEND_ON pd= ok=1
Cmd: compileSnippet
  api=0 type=0 insize=1152 outsize=5237 kw=LIGHTMAP_OFF DIRLIGHTMAP_SEPARATE DYNAMICLIGHTMAP_OFF UNITY_HDR_ON _ALPHABLEND_ON pd= ok=1
Cmd: compileSnippet
  api=0 type=1 insize=1152 outsize=6 kw=LIGHTMAP_OFF DIRLIGHTMAP_OFF DYNAMICLIGHTMAP_OFF pd= ok=1
Cmd: compileSnippet
  api=0 type=1 insize=1152 outsize=6 kw=LIGHTMAP_OFF DIRLIGHTMAP_SEPARATE DYNAMICLIGHTMAP_OFF pd= ok=1
Cmd: compileSnippet
  api=0 type=1 insize=1152 outsize=6 kw=LIGHTMAP_OFF DIRLIGHTMAP_COMBINED DYNAMICLIGHTMAP_OFF UNITY_HDR_ON pd= ok=1
Cmd: compileSnippet
  api=0 type=0 insize=886 outsize=5198 kw=DIRECTIONAL SHADOWS_OFF LIGHTMAP_OFF DIRLIGHTMAP_OFF DYNAMICLIGHTMAP_OFF pd= ok=1
Cmd: compileSnippet
  api=0 type=0 insize=886 outsize=5262 kw=DIRECTIONAL SHADOWS_OFF LIGHTMAP_OFF DIRLIGHTMAP_OFF DYNAMICLIGHTMAP_OFF _ALPHABLEND_ON pd= ok=1
Cmd: compileSnippet
  api=0 type=1 insize=886 outsize=6 kw=DIRECTIONAL SHADOWS_OFF LIGHTMAP_OFF DIRLIGHTMAP_OFF DYNAMICLIGHTMAP_OFF pd= ok=1
Cmd: compileSnippet
  api=0 type=0 insize=816 outsize=4885 kw=POINT SHADOWS_OFF pd= ok=1
Cmd: compileSnippet
  api=0 type=0 insize=816 outsize=5435 kw=SPOT SHADOWS_DEPTH SHADOWS_NATIVE pd= ok=1
Cmd: compileSnippet
  api=0 type=0 insize=816 outsize=4664 kw=DIRECTIONAL SHADOWS_OFF _ALPHABLEND_ON pd= ok=1
Cmd: compileSnippet
  api=0 type=0 insize=816 outsize=5033 kw=POINT_COOKIE SHADOWS_OFF _ALPHABLEND_ON pd= ok=1
Cmd: compileSnippet
  api=0 type=0 insize=816 outsize=5748 kw=POINT SHADOWS_CUBE _ALPHABLEND_ON pd= ok=1
Cmd: compileSnippet
  api=0 type=1 insize=816 outsize=6 kw=POINT SHADOWS_OFF pd= ok=1
Cmd: compileSnippet
  api=0 type=1 insize=816 outsize=6 kw=DIRECTIONAL_COOKIE SHADOWS_OFF pd= ok=1
Cmd: compileSnippet
  api=0 type=1 insize=816 outsize=6 kw=POINT_COOKIE SHADOWS_CUBE pd= ok=1
Cmd: compileSnippet
  api=0 type=1 insize=816 outsize=6 kw=POINT_COOKIE SHADOWS_OFF _ALPHABLEND_ON pd= ok=1
Cmd: compileSnippet
  api=0 type=1 insize=816 outsize=6 kw=DIRECTIONAL_COOKIE SHADOWS_SCREEN _ALPHABLEND_ON pd= ok=1
Cmd: compileSnippet
  api=0 type=0 insize=600 outsize=1893 kw=SHADOWS_DEPTH pd= ok=1
Cmd: compileSnippet
  api=0 type=1 insize=600 outsize=6 kw=SHADOWS_DEPTH pd= ok=1
Cmd: compileSnippet
  api=0 type=0 insize=13030 outsize=5705 kw=_SUNDISK_NONE pd= ok=1
Cmd: compileSnippet
  api=0 type=1 insize=13030 outsize=6 kw=_SUNDISK_NONE pd= ok=1
Cmd: compileSnippet
  api=0 type=0 insize=3790 outsize=1731 kw=DIRECTIONAL_COOKIE pd= ok=1
Cmd: compileSnippet
  api=0 type=1 insize=3790 outsize=6 kw=DIRECTIONAL_COOKIE pd= ok=1
Cmd: compileSnippet
  api=0 type=0 insize=4597 outsize=2600 kw= pd= ok=1
Cmd: compileSnippet
  api=0 type=1 insize=4597 outsize=6 kw= pd= ok=1
Cmd: compileSnippet
  api=0 type=0 insize=1807 outsize=952 kw= pd= ok=1
Cmd: compileSnippet
  api=0 type=1 insize=1807 outsize=6 kw= pd= ok=1
Cmd: compileSnippet
  api=0 type=0 insize=2082 outsize=1199 kw= pd= ok=1
Cmd: compileSnippet
  api=0 type=1 insize=2082 outsize=6 kw= pd= ok=1
Cmd: compileSnippet
  api=0 type=0 insize=3666 outsize=1820 kw=POINT pd= ok=1
Cmd: compileSnippet
  api=0 type=1 insize=3666 outsize=6 kw=POINT pd= ok=1
Cmd: compileSnippet
  api=0 type=0 insize=2873 outsize=978 kw= pd= ok=1
Cmd: compileSnippet
  api=0 type=1 insize=2873 outsize=6 kw= pd= ok=1
Cmd: compileSnippet
  api=0 type=0 insize=5933 outsize=2688 kw=LIGHTMAP_OFF DIRLIGHTMAP_OFF DYNAMICLIGHTMAP_OFF HDR_LIGHT_PREPASS_OFF pd= ok=1
Cmd: compileSnippet
  api=0 type=1 insize=5933 outsize=6 kw=LIGHTMAP_OFF DIRLIGHTMAP_OFF DYNAMICLIGHTMAP_OFF HDR_LIGHT_PREPASS_OFF pd= ok=1
Cmd: compileSnippet
  api=0 type=0 insize=5997 outsize=2645 kw=LIGHTMAP_OFF DIRLIGHTMAP_OFF DYNAMICLIGHTMAP_OFF HDR_LIGHT_PREPASS_OFF pd= ok=1
Cmd: compileSnippet
  api=0 type=1 insize=5997 outsize=6 kw=LIGHTMAP_OFF DIRLIGHTMAP_OFF DYNAMICLIGHTMAP_OFF HDR_LIGHT_PREPASS_OFF pd= ok=1
Cmd: compileSnippet
  api=0 type=0 insize=1275 outsize=2781 kw=POINT SHADOWS_OFF pd= ok=1
Cmd: compileSnippet
  api=0 type=0 insize=1275 outsize=3543 kw=SPOT SHADOWS_DEPTH SHADOWS_NATIVE pd= ok=1
Cmd: compileSnippet
  api=0 type=0 insize=1275 outsize=4193 kw=POINT SHADOWS_CUBE SHADOWS_SOFT pd= ok=1
Cmd: compileSnippet
  api=0 type=1 insize=1275 outsize=6 kw=POINT SHADOWS_OFF pd= ok=1
Cmd: compileSnippet
  api=0 type=1 insize=1275 outsize=6 kw=DIRECTIONAL_COOKIE SHADOWS_OFF pd= ok=1
Cmd: compileSnippet
  api=0 type=1 insize=1275 outsize=6 kw=POINT SHADOWS_CUBE pd= ok=1
Cmd: compileSnippet
  api=0 type=1 insize=1275 outsize=6 kw=POINT_COOKIE SHADOWS_CUBE SHADOWS_SOFT pd= ok=1
Cmd: compileSnippet
  api=0 type=0 insize=1268 outsize=2772 kw=POINT SHADOWS_OFF pd= ok=1
Cmd: compileSnippet
  api=0 type=0 insize=1268 outsize=3534 kw=SPOT SHADOWS_DEPTH SHADOWS_NATIVE pd= ok=1
Cmd: compileSnippet
  api=0 type=0 insize=1268 outsize=4184 kw=POINT SHADOWS_CUBE SHADOWS_SOFT pd= ok=1
Cmd: compileSnippet
  api=0 type=1 insize=1268 outsize=6 kw=POINT SHADOWS_OFF pd= ok=1
Cmd: compileSnippet
  api=0 type=1 insize=1268 outsize=6 kw=DIRECTIONAL_COOKIE SHADOWS_OFF pd= ok=1
Cmd: compileSnippet
  api=0 type=1 insize=1268 outsize=6 kw=POINT SHADOWS_CUBE pd= ok=1
Cmd: compileSnippet
  api=0 type=1 insize=1268 outsize=6 kw=POINT_COOKIE SHADOWS_CUBE SHADOWS_SOFT pd= ok=1
Cmd: compileSnippet
  api=0 type=0 insize=1273 outsize=2777 kw=POINT SHADOWS_OFF pd= ok=1
Cmd: compileSnippet
  api=0 type=0 insize=1273 outsize=3539 kw=SPOT SHADOWS_DEPTH SHADOWS_NATIVE pd= ok=1
Cmd: compileSnippet
  api=0 type=0 insize=1273 outsize=4189 kw=POINT SHADOWS_CUBE SHADOWS_SOFT pd= ok=1
Cmd: compileSnippet
  api=0 type=1 insize=1273 outsize=6 kw=POINT SHADOWS_OFF pd= ok=1
Cmd: compileSnippet
  api=0 type=1 insize=1273 outsize=6 kw=DIRECTIONAL_COOKIE SHADOWS_OFF pd= ok=1
Cmd: compileSnippet
  api=0 type=1 insize=1273 outsize=6 kw=POINT SHADOWS_CUBE pd= ok=1
Cmd: compileSnippet
  api=0 type=1 insize=1273 outsize=6 kw=POINT_COOKIE SHADOWS_CUBE SHADOWS_SOFT pd= ok=1
Cmd: compileSnippet
  api=0 type=0 insize=1934 outsize=3851 kw=POINT SHADOWS_OFF pd= ok=1
Cmd: compileSnippet
  api=0 type=0 insize=1934 outsize=4844 kw=SPOT SHADOWS_DEPTH SHADOWS_NATIVE pd= ok=1
Cmd: compileSnippet
  api=0 type=0 insize=1934 outsize=5279 kw=POINT SHADOWS_CUBE SHADOWS_SOFT pd= ok=1
Cmd: compileSnippet
  api=0 type=0 insize=1934 outsize=4175 kw=SPOT SHADOWS_OFF UNITY_HDR_ON pd= ok=1
Cmd: compileSnippet
  api=0 type=0 insize=1934 outsize=4095 kw=DIRECTIONAL SHADOWS_SCREEN UNITY_HDR_ON pd= ok=1
Cmd: compileSnippet
  api=0 type=0 insize=1934 outsize=4569 kw=POINT_COOKIE SHADOWS_CUBE UNITY_HDR_ON pd= ok=1
Cmd: compileSnippet
  api=0 type=1 insize=1934 outsize=6 kw=POINT SHADOWS_OFF pd= ok=1
Cmd: compileSnippet
  api=0 type=1 insize=1934 outsize=6 kw=DIRECTIONAL_COOKIE SHADOWS_OFF pd= ok=1
Cmd: compileSnippet
  api=0 type=1 insize=1934 outsize=6 kw=POINT SHADOWS_CUBE pd= ok=1
Cmd: compileSnippet
  api=0 type=1 insize=1934 outsize=6 kw=POINT_COOKIE SHADOWS_CUBE SHADOWS_SOFT pd= ok=1
Cmd: compileSnippet
  api=0 type=1 insize=1934 outsize=6 kw=DIRECTIONAL_COOKIE SHADOWS_OFF UNITY_HDR_ON pd= ok=1
Cmd: compileSnippet
  api=0 type=1 insize=1934 outsize=6 kw=POINT SHADOWS_CUBE UNITY_HDR_ON pd= ok=1
Cmd: compileSnippet
  api=0 type=1 insize=1934 outsize=6 kw=POINT_COOKIE SHADOWS_CUBE SHADOWS_SOFT UNITY_HDR_ON pd= ok=1
Cmd: compileSnippet
  api=0 type=0 insize=683 outsize=360 kw= pd= ok=1
Cmd: compileSnippet
  api=0 type=1 insize=683 outsize=6 kw= pd= ok=1
Cmd: compileSnippet
  api=0 type=0 insize=3264 outsize=4709 kw= pd= ok=1
Cmd: compileSnippet
  api=0 type=1 insize=3264 outsize=6 kw= pd= ok=1
Cmd: compileSnippet
  api=0 type=0 insize=823 outsize=659 kw= pd= ok=1
Cmd: compileSnippet
  api=0 type=1 insize=823 outsize=6 kw= pd= ok=1
Cmd: compileSnippet
  api=0 type=0 insize=1420 outsize=1195 kw= pd= ok=1
Cmd: compileSnippet
  api=0 type=1 insize=1420 outsize=6 kw= pd= ok=1
Cmd: compileSnippet
  api=0 type=0 insize=6638 outsize=15621 kw= pd= ok=1
Cmd: compileSnippet
  api=0 type=1 insize=6638 outsize=6 kw= pd= ok=1
Cmd: compileSnippet
  api=0 type=0 insize=6638 outsize=378 kw= pd= ok=1
Cmd: compileSnippet
  api=0 type=1 insize=6638 outsize=6 kw= pd= ok=1
Cmd: compileSnippet
  api=0 type=0 insize=701 outsize=427 kw= pd= ok=1
Cmd: compileSnippet
  api=0 type=1 insize=701 outsize=6 kw= pd= ok=1
Cmd: compileSnippet
  api=0 type=0 insize=701 outsize=378 kw= pd= ok=1
Cmd: compileSnippet
  api=0 type=1 insize=701 outsize=6 kw= pd= ok=1
Cmd: compileSnippet
  api=0 type=0 insize=1032 outsize=853 kw= pd= ok=1
Cmd: compileSnippet
  api=0 type=1 insize=1032 outsize=6 kw= pd= ok=1
Cmd: compileSnippet
  api=0 type=0 insize=1032 outsize=801 kw= pd= ok=1
Cmd: compileSnippet
  api=0 type=1 insize=1032 outsize=6 kw= pd= ok=1
